[2015-09-22T10:19:49+03:00] INFO: Forking chef instance to converge...
[2015-09-22T10:19:49+03:00] DEBUG: Fork successful. Waiting for new chef pid: 21748
[2015-09-22T10:19:49+03:00] DEBUG: Forked instance now converging
[2015-09-22T10:19:49+03:00] INFO: *** Chef 12.4.1 ***
[2015-09-22T10:19:49+03:00] INFO: Chef-client pid: 21748
[2015-09-22T10:19:49+03:00] DEBUG: Chef-client request_id: 02b52c5b-adaa-4a50-bf34-6c13516a8ab7
[2015-09-22T10:19:50+03:00] DEBUG: Building node object for EVBYMINSD6A18.minsk.epam.com
[2015-09-22T10:19:50+03:00] DEBUG: Extracting run list from JSON attributes provided on command line
[2015-09-22T10:19:50+03:00] INFO: Setting the run_list to ["recipe[nginx::default]"] from CLI options
[2015-09-22T10:19:50+03:00] DEBUG: Applying attributes from json file
[2015-09-22T10:19:50+03:00] DEBUG: Platform is centos version 6.5
[2015-09-22T10:19:50+03:00] INFO: Run List is [recipe[nginx::default]]
[2015-09-22T10:19:50+03:00] INFO: Run List expands to [nginx::default]
[2015-09-22T10:19:50+03:00] INFO: Starting Chef Run for EVBYMINSD6A18.minsk.epam.com
[2015-09-22T10:19:50+03:00] INFO: Running start handlers
[2015-09-22T10:19:50+03:00] INFO: Start handlers complete.
[2015-09-22T10:19:50+03:00] DEBUG: No chefignore file found at /root/chefignore no files will be ignored
[2015-09-22T10:19:50+03:00] DEBUG: Cookbooks to compile: [:apt, :rsyslog, :bluepill, :"build-essential", :ohai, :packagecloud, :runit, :yum, :"yum-epel", :nginx]
[2015-09-22T10:19:50+03:00] DEBUG: Loading cookbook apt's library file: /root/cookbooks/apt/libraries/helpers.rb
[2015-09-22T10:19:50+03:00] DEBUG: Loading cookbook apt's library file: /root/cookbooks/apt/libraries/matchers.rb
[2015-09-22T10:19:50+03:00] DEBUG: Loading cookbook apt's library file: /root/cookbooks/apt/libraries/network.rb
[2015-09-22T10:19:50+03:00] DEBUG: Loading cookbook rsyslog's library file: /root/cookbooks/rsyslog/libraries/helpers.rb
[2015-09-22T10:19:50+03:00] DEBUG: Loading cookbook build-essential's library file: /root/cookbooks/build-essential/libraries/matchers.rb
[2015-09-22T10:19:50+03:00] DEBUG: Loading cookbook build-essential's library file: /root/cookbooks/build-essential/libraries/timing.rb
[2015-09-22T10:19:50+03:00] DEBUG: Loading cookbook build-essential's library file: /root/cookbooks/build-essential/libraries/xcode_command_line_tools.rb
[2015-09-22T10:19:50+03:00] DEBUG: Loading cookbook packagecloud's library file: /root/cookbooks/packagecloud/libraries/helper.rb
[2015-09-22T10:19:50+03:00] DEBUG: Loading cookbook packagecloud's library file: /root/cookbooks/packagecloud/libraries/matcher.rb
[2015-09-22T10:19:50+03:00] DEBUG: Loading cookbook runit's library file: /root/cookbooks/runit/libraries/default.rb
[2015-09-22T10:19:50+03:00] DEBUG: Loading cookbook runit's library file: /root/cookbooks/runit/libraries/helpers.rb
[2015-09-22T10:19:50+03:00] DEBUG: Loading cookbook runit's library file: /root/cookbooks/runit/libraries/matchers.rb
[2015-09-22T10:19:50+03:00] DEBUG: Loading cookbook runit's library file: /root/cookbooks/runit/libraries/provider_runit_service.rb
[2015-09-22T10:19:50+03:00] DEBUG: Loading cookbook runit's library file: /root/cookbooks/runit/libraries/resource_runit_service.rb
[2015-09-22T10:19:50+03:00] DEBUG: Loading cookbook yum's library file: /root/cookbooks/yum/libraries/matchers.rb
[2015-09-22T10:19:50+03:00] DEBUG: Loading cookbook nginx's library file: /root/cookbooks/nginx/libraries/matchers.rb
[2015-09-22T10:19:50+03:00] DEBUG: Node EVBYMINSD6A18.minsk.epam.com loading cookbook apt's attribute file /root/cookbooks/apt/attributes/default.rb
[2015-09-22T10:19:50+03:00] DEBUG: Loading Attribute apt::default
[2015-09-22T10:19:50+03:00] DEBUG: Node EVBYMINSD6A18.minsk.epam.com loading cookbook rsyslog's attribute file /root/cookbooks/rsyslog/attributes/default.rb
[2015-09-22T10:19:50+03:00] DEBUG: Loading Attribute rsyslog::default
[2015-09-22T10:19:50+03:00] DEBUG: Node EVBYMINSD6A18.minsk.epam.com loading cookbook bluepill's attribute file /root/cookbooks/bluepill/attributes/default.rb
[2015-09-22T10:19:50+03:00] DEBUG: Loading Attribute bluepill::default
[2015-09-22T10:19:50+03:00] DEBUG: Node EVBYMINSD6A18.minsk.epam.com loading cookbook build-essential's attribute file /root/cookbooks/build-essential/attributes/default.rb
[2015-09-22T10:19:50+03:00] DEBUG: Loading Attribute build-essential::default
[2015-09-22T10:19:50+03:00] DEBUG: Node EVBYMINSD6A18.minsk.epam.com loading cookbook ohai's attribute file /root/cookbooks/ohai/attributes/default.rb
[2015-09-22T10:19:50+03:00] DEBUG: Loading Attribute ohai::default
[2015-09-22T10:19:50+03:00] DEBUG: Node EVBYMINSD6A18.minsk.epam.com loading cookbook packagecloud's attribute file /root/cookbooks/packagecloud/attributes/default.rb
[2015-09-22T10:19:50+03:00] DEBUG: Loading Attribute packagecloud::default
[2015-09-22T10:19:50+03:00] DEBUG: Node EVBYMINSD6A18.minsk.epam.com loading cookbook runit's attribute file /root/cookbooks/runit/attributes/default.rb
[2015-09-22T10:19:50+03:00] DEBUG: Loading Attribute runit::default
[2015-09-22T10:19:50+03:00] DEBUG: Node EVBYMINSD6A18.minsk.epam.com loading cookbook yum's attribute file /root/cookbooks/yum/attributes/main.rb
[2015-09-22T10:19:50+03:00] DEBUG: Loading Attribute yum::main
[2015-09-22T10:19:50+03:00] DEBUG: Node EVBYMINSD6A18.minsk.epam.com loading cookbook yum-epel's attribute file /root/cookbooks/yum-epel/attributes/default.rb
[2015-09-22T10:19:50+03:00] DEBUG: Loading Attribute yum-epel::default
[2015-09-22T10:19:50+03:00] DEBUG: Node EVBYMINSD6A18.minsk.epam.com loading cookbook yum-epel's attribute file /root/cookbooks/yum-epel/attributes/epel-debuginfo.rb
[2015-09-22T10:19:50+03:00] DEBUG: Loading Attribute yum-epel::epel-debuginfo
[2015-09-22T10:19:50+03:00] DEBUG: Node EVBYMINSD6A18.minsk.epam.com loading cookbook yum-epel's attribute file /root/cookbooks/yum-epel/attributes/epel-source.rb
[2015-09-22T10:19:50+03:00] DEBUG: Loading Attribute yum-epel::epel-source
[2015-09-22T10:19:50+03:00] DEBUG: Node EVBYMINSD6A18.minsk.epam.com loading cookbook yum-epel's attribute file /root/cookbooks/yum-epel/attributes/epel-testing-debuginfo.rb
[2015-09-22T10:19:50+03:00] DEBUG: Loading Attribute yum-epel::epel-testing-debuginfo
[2015-09-22T10:19:50+03:00] DEBUG: Node EVBYMINSD6A18.minsk.epam.com loading cookbook yum-epel's attribute file /root/cookbooks/yum-epel/attributes/epel-testing-source.rb
[2015-09-22T10:19:50+03:00] DEBUG: Loading Attribute yum-epel::epel-testing-source
[2015-09-22T10:19:50+03:00] DEBUG: Node EVBYMINSD6A18.minsk.epam.com loading cookbook yum-epel's attribute file /root/cookbooks/yum-epel/attributes/epel-testing.rb
[2015-09-22T10:19:50+03:00] DEBUG: Loading Attribute yum-epel::epel-testing
[2015-09-22T10:19:50+03:00] DEBUG: Node EVBYMINSD6A18.minsk.epam.com loading cookbook yum-epel's attribute file /root/cookbooks/yum-epel/attributes/epel.rb
[2015-09-22T10:19:50+03:00] DEBUG: Loading Attribute yum-epel::epel
[2015-09-22T10:19:50+03:00] DEBUG: Node EVBYMINSD6A18.minsk.epam.com loading cookbook nginx's attribute file /root/cookbooks/nginx/attributes/default.rb
[2015-09-22T10:19:50+03:00] DEBUG: Loading Attribute nginx::default
[2015-09-22T10:19:50+03:00] DEBUG: Node EVBYMINSD6A18.minsk.epam.com loading cookbook nginx's attribute file /root/cookbooks/nginx/attributes/auth_request.rb
[2015-09-22T10:19:50+03:00] DEBUG: Loading Attribute nginx::auth_request
[2015-09-22T10:19:50+03:00] DEBUG: Node EVBYMINSD6A18.minsk.epam.com loading cookbook nginx's attribute file /root/cookbooks/nginx/attributes/devel.rb
[2015-09-22T10:19:50+03:00] DEBUG: Loading Attribute nginx::devel
[2015-09-22T10:19:50+03:00] DEBUG: Node EVBYMINSD6A18.minsk.epam.com loading cookbook nginx's attribute file /root/cookbooks/nginx/attributes/echo.rb
[2015-09-22T10:19:50+03:00] DEBUG: Loading Attribute nginx::echo
[2015-09-22T10:19:50+03:00] DEBUG: Node EVBYMINSD6A18.minsk.epam.com loading cookbook nginx's attribute file /root/cookbooks/nginx/attributes/geoip.rb
[2015-09-22T10:19:50+03:00] DEBUG: Loading Attribute nginx::geoip
[2015-09-22T10:19:50+03:00] DEBUG: Node EVBYMINSD6A18.minsk.epam.com loading cookbook nginx's attribute file /root/cookbooks/nginx/attributes/headers_more.rb
[2015-09-22T10:19:50+03:00] DEBUG: Loading Attribute nginx::headers_more
[2015-09-22T10:19:50+03:00] DEBUG: Node EVBYMINSD6A18.minsk.epam.com loading cookbook nginx's attribute file /root/cookbooks/nginx/attributes/lua.rb
[2015-09-22T10:19:50+03:00] DEBUG: Loading Attribute nginx::lua
[2015-09-22T10:19:50+03:00] DEBUG: Node EVBYMINSD6A18.minsk.epam.com loading cookbook nginx's attribute file /root/cookbooks/nginx/attributes/naxsi.rb
[2015-09-22T10:19:50+03:00] DEBUG: Loading Attribute nginx::naxsi
[2015-09-22T10:19:50+03:00] DEBUG: Node EVBYMINSD6A18.minsk.epam.com loading cookbook nginx's attribute file /root/cookbooks/nginx/attributes/openssl_source.rb
[2015-09-22T10:19:50+03:00] DEBUG: Loading Attribute nginx::openssl_source
[2015-09-22T10:19:50+03:00] DEBUG: Node EVBYMINSD6A18.minsk.epam.com loading cookbook nginx's attribute file /root/cookbooks/nginx/attributes/pagespeed.rb
[2015-09-22T10:19:50+03:00] DEBUG: Loading Attribute nginx::pagespeed
[2015-09-22T10:19:50+03:00] DEBUG: Node EVBYMINSD6A18.minsk.epam.com loading cookbook nginx's attribute file /root/cookbooks/nginx/attributes/passenger.rb
[2015-09-22T10:19:50+03:00] DEBUG: Loading Attribute nginx::passenger
[2015-09-22T10:19:50+03:00] DEBUG: Node EVBYMINSD6A18.minsk.epam.com loading cookbook nginx's attribute file /root/cookbooks/nginx/attributes/rate_limiting.rb
[2015-09-22T10:19:50+03:00] DEBUG: Loading Attribute nginx::rate_limiting
[2015-09-22T10:19:50+03:00] DEBUG: Node EVBYMINSD6A18.minsk.epam.com loading cookbook nginx's attribute file /root/cookbooks/nginx/attributes/repo.rb
[2015-09-22T10:19:50+03:00] DEBUG: Loading Attribute nginx::repo
[2015-09-22T10:19:50+03:00] DEBUG: Node EVBYMINSD6A18.minsk.epam.com loading cookbook nginx's attribute file /root/cookbooks/nginx/attributes/set_misc.rb
[2015-09-22T10:19:50+03:00] DEBUG: Loading Attribute nginx::set_misc
[2015-09-22T10:19:50+03:00] DEBUG: Node EVBYMINSD6A18.minsk.epam.com loading cookbook nginx's attribute file /root/cookbooks/nginx/attributes/socketproxy.rb
[2015-09-22T10:19:50+03:00] DEBUG: Loading Attribute nginx::socketproxy
[2015-09-22T10:19:50+03:00] DEBUG: Node EVBYMINSD6A18.minsk.epam.com loading cookbook nginx's attribute file /root/cookbooks/nginx/attributes/source.rb
[2015-09-22T10:19:50+03:00] DEBUG: Loading Attribute nginx::source
[2015-09-22T10:19:50+03:00] DEBUG: I am not loading attribute file nginx::default, because I have already seen it.
[2015-09-22T10:19:50+03:00] DEBUG: Node EVBYMINSD6A18.minsk.epam.com loading cookbook nginx's attribute file /root/cookbooks/nginx/attributes/status.rb
[2015-09-22T10:19:50+03:00] DEBUG: Loading Attribute nginx::status
[2015-09-22T10:19:50+03:00] DEBUG: Node EVBYMINSD6A18.minsk.epam.com loading cookbook nginx's attribute file /root/cookbooks/nginx/attributes/syslog.rb
[2015-09-22T10:19:50+03:00] DEBUG: Loading Attribute nginx::syslog
[2015-09-22T10:19:50+03:00] DEBUG: Node EVBYMINSD6A18.minsk.epam.com loading cookbook nginx's attribute file /root/cookbooks/nginx/attributes/upload_progress.rb
[2015-09-22T10:19:50+03:00] DEBUG: Loading Attribute nginx::upload_progress
[2015-09-22T10:19:50+03:00] DEBUG: Loading cookbook apt's providers from /root/cookbooks/apt/providers/preference.rb
[2015-09-22T10:19:50+03:00] DEBUG: Loaded contents of /root/cookbooks/apt/providers/preference.rb into provider apt_preference (LWRP provider apt_preference from cookbook apt)
[2015-09-22T10:19:50+03:00] DEBUG: Loading cookbook apt's providers from /root/cookbooks/apt/providers/repository.rb
[2015-09-22T10:19:50+03:00] DEBUG: Loaded contents of /root/cookbooks/apt/providers/repository.rb into provider apt_repository (LWRP provider apt_repository from cookbook apt)
[2015-09-22T10:19:50+03:00] DEBUG: Loading cookbook apt's resources from /root/cookbooks/apt/resources/preference.rb
[2015-09-22T10:19:50+03:00] DEBUG: Loaded contents of /root/cookbooks/apt/resources/preference.rb into resource apt_preference (LWRP resource apt_preference from cookbook apt)
[2015-09-22T10:19:50+03:00] DEBUG: Loading cookbook apt's resources from /root/cookbooks/apt/resources/repository.rb
[2015-09-22T10:19:50+03:00] DEBUG: Loaded contents of /root/cookbooks/apt/resources/repository.rb into resource apt_repository (LWRP resource apt_repository from cookbook apt)
[2015-09-22T10:19:50+03:00] DEBUG: Loading cookbook rsyslog's providers from /root/cookbooks/rsyslog/providers/file_input.rb
[2015-09-22T10:19:50+03:00] DEBUG: Loaded contents of /root/cookbooks/rsyslog/providers/file_input.rb into provider rsyslog_file_input (LWRP provider rsyslog_file_input from cookbook rsyslog)
[2015-09-22T10:19:50+03:00] DEBUG: Loading cookbook rsyslog's resources from /root/cookbooks/rsyslog/resources/file_input.rb
[2015-09-22T10:19:50+03:00] DEBUG: Loaded contents of /root/cookbooks/rsyslog/resources/file_input.rb into resource rsyslog_file_input (LWRP resource rsyslog_file_input from cookbook rsyslog)
[2015-09-22T10:19:50+03:00] DEBUG: Loading cookbook bluepill's providers from /root/cookbooks/bluepill/providers/service.rb
[2015-09-22T10:19:50+03:00] DEBUG: Loaded contents of /root/cookbooks/bluepill/providers/service.rb into provider bluepill_service (LWRP provider bluepill_service from cookbook bluepill)
[2015-09-22T10:19:50+03:00] DEBUG: Loading cookbook bluepill's resources from /root/cookbooks/bluepill/resources/service.rb
[2015-09-22T10:19:50+03:00] DEBUG: Loaded contents of /root/cookbooks/bluepill/resources/service.rb into resource bluepill_service (LWRP resource bluepill_service from cookbook bluepill)
[2015-09-22T10:19:50+03:00] DEBUG: Loading cookbook ohai's providers from /root/cookbooks/ohai/providers/hint.rb
[2015-09-22T10:19:50+03:00] DEBUG: Loaded contents of /root/cookbooks/ohai/providers/hint.rb into provider ohai_hint (LWRP provider ohai_hint from cookbook ohai)
[2015-09-22T10:19:50+03:00] DEBUG: Loading cookbook ohai's resources from /root/cookbooks/ohai/resources/hint.rb
[2015-09-22T10:19:50+03:00] DEBUG: Loaded contents of /root/cookbooks/ohai/resources/hint.rb into resource ohai_hint (LWRP resource ohai_hint from cookbook ohai)
[2015-09-22T10:19:50+03:00] DEBUG: Loading cookbook packagecloud's providers from /root/cookbooks/packagecloud/providers/repo.rb
[2015-09-22T10:19:50+03:00] DEBUG: Loaded contents of /root/cookbooks/packagecloud/providers/repo.rb into provider packagecloud_repo (LWRP provider packagecloud_repo from cookbook packagecloud)
[2015-09-22T10:19:50+03:00] DEBUG: Loading cookbook packagecloud's resources from /root/cookbooks/packagecloud/resources/repo.rb
[2015-09-22T10:19:50+03:00] DEBUG: Loaded contents of /root/cookbooks/packagecloud/resources/repo.rb into resource packagecloud_repo (LWRP resource packagecloud_repo from cookbook packagecloud)
[2015-09-22T10:19:50+03:00] DEBUG: Loading cookbook yum's providers from /root/cookbooks/yum/providers/globalconfig.rb
[2015-09-22T10:19:50+03:00] DEBUG: Loaded contents of /root/cookbooks/yum/providers/globalconfig.rb into provider yum_globalconfig (LWRP provider yum_globalconfig from cookbook yum)
[2015-09-22T10:19:50+03:00] DEBUG: Loading cookbook yum's providers from /root/cookbooks/yum/providers/repository.rb
[2015-09-22T10:19:50+03:00] DEBUG: Loaded contents of /root/cookbooks/yum/providers/repository.rb into provider yum_repository (LWRP provider yum_repository from cookbook yum)
[2015-09-22T10:19:50+03:00] DEBUG: Loading cookbook yum's resources from /root/cookbooks/yum/resources/globalconfig.rb
[2015-09-22T10:19:50+03:00] DEBUG: Loaded contents of /root/cookbooks/yum/resources/globalconfig.rb into resource yum_globalconfig (LWRP resource yum_globalconfig from cookbook yum)
[2015-09-22T10:19:50+03:00] DEBUG: Loading cookbook yum's resources from /root/cookbooks/yum/resources/repository.rb
[2015-09-22T10:19:50+03:00] DEBUG: Loaded contents of /root/cookbooks/yum/resources/repository.rb into resource yum_repository (LWRP resource yum_repository from cookbook yum)
[2015-09-22T10:19:50+03:00] DEBUG: Loading cookbook nginx's definitions from /root/cookbooks/nginx/definitions/nginx_site.rb
[2015-09-22T10:19:50+03:00] DEBUG: Loading Recipe nginx::default via include_recipe
[2015-09-22T10:19:50+03:00] DEBUG: Found recipe default in cookbook nginx
[2015-09-22T10:19:50+03:00] DEBUG: Loading Recipe nginx::package via include_recipe
[2015-09-22T10:19:50+03:00] DEBUG: Found recipe package in cookbook nginx
[2015-09-22T10:19:50+03:00] DEBUG: Loading Recipe nginx::ohai_plugin via include_recipe
[2015-09-22T10:19:50+03:00] DEBUG: Found recipe ohai_plugin in cookbook nginx
[2015-09-22T10:19:50+03:00] DEBUG: Resources for generic ohai resource enabled on node include: [Chef::Resource::Ohai]
[2015-09-22T10:19:50+03:00] DEBUG: Resource for ohai is Chef::Resource::Ohai
[2015-09-22T10:19:50+03:00] DEBUG: Resources for generic template resource enabled on node include: [Chef::Resource::Template]
[2015-09-22T10:19:50+03:00] DEBUG: Resource for template is Chef::Resource::Template
[2015-09-22T10:19:50+03:00] DEBUG: Loading Recipe ohai::default via include_recipe
[2015-09-22T10:19:50+03:00] DEBUG: Found recipe default in cookbook ohai
[2015-09-22T10:19:50+03:00] INFO: ohai plugins will be at: /etc/chef/ohai_plugins
[2015-09-22T10:19:50+03:00] DEBUG: Resources for generic remote_directory resource enabled on node include: [Chef::Resource::RemoteDirectory]
[2015-09-22T10:19:50+03:00] DEBUG: Resource for remote_directory is Chef::Resource::RemoteDirectory
[2015-09-22T10:19:50+03:00] INFO: Processing remote_directory[/etc/chef/ohai_plugins for cookbook ohai] action create (ohai::default line 33)
[2015-09-22T10:19:50+03:00] DEBUG: Providers for generic remote_directory resource enabled on node include: [Chef::Provider::RemoteDirectory]
[2015-09-22T10:19:50+03:00] DEBUG: Provider for action create on resource remote_directory[/etc/chef/ohai_plugins for cookbook ohai] is Chef::Provider::RemoteDirectory
[2015-09-22T10:19:50+03:00] DEBUG: found target_mode == current_mode, not updating mode
[2015-09-22T10:19:50+03:00] DEBUG: found target_uid == nil, so no owner was specified on resource, not managing owner
[2015-09-22T10:19:50+03:00] DEBUG: found target_gid == nil, so no group was specified on resource, not managing group
[2015-09-22T10:19:50+03:00] INFO: Processing cookbook_file[/etc/chef/ohai_plugins/README] action create (dynamically defined)
[2015-09-22T10:19:50+03:00] DEBUG: cookbook_file[/etc/chef/ohai_plugins/README] checksumming file at /etc/chef/ohai_plugins/README.
[2015-09-22T10:19:50+03:00] DEBUG: cookbook_file[/etc/chef/ohai_plugins/README] staging /root/cookbooks/ohai/files/default/plugins/README to /etc/chef/ohai_plugins/.README20150922-21748-1c6la42
[2015-09-22T10:19:50+03:00] DEBUG: calculating checksum of /etc/chef/ohai_plugins/.README20150922-21748-1c6la42 to compare with 775fa7e0b1d0937be8de9baaf39a0d52b8947159a64f4270ded3f5fa2dbe96bf
[2015-09-22T10:19:50+03:00] DEBUG: found target_mode == current_mode, not updating mode
[2015-09-22T10:19:50+03:00] DEBUG: found target_uid == nil, so no owner was specified on resource, not managing owner
[2015-09-22T10:19:50+03:00] DEBUG: found target_gid == nil, so no group was specified on resource, not managing group
[2015-09-22T10:19:50+03:00] DEBUG: Resources for generic ohai resource enabled on node include: [Chef::Resource::Ohai]
[2015-09-22T10:19:50+03:00] DEBUG: Resource for ohai is Chef::Resource::Ohai
[2015-09-22T10:19:50+03:00] INFO: Processing ohai[custom_plugins] action reload (ohai::default line 47)
[2015-09-22T10:19:50+03:00] DEBUG: Providers for generic ohai resource enabled on node include: [Chef::Provider::Ohai]
[2015-09-22T10:19:50+03:00] DEBUG: Provider for action reload on resource ohai[custom_plugins] is Chef::Provider::Ohai
[2015-09-22T10:19:51+03:00] INFO: ohai[custom_plugins] reloaded
[2015-09-22T10:19:51+03:00] DEBUG: Loading Recipe yum-epel via include_recipe
[2015-09-22T10:19:51+03:00] DEBUG: Found recipe default in cookbook yum-epel
[2015-09-22T10:19:51+03:00] DEBUG: Resources for generic yum_repository resource enabled on node include: [LWRP resource yum_repository from cookbook yum]
[2015-09-22T10:19:51+03:00] DEBUG: Resource for yum_repository is LWRP resource yum_repository from cookbook yum
[2015-09-22T10:19:51+03:00] DEBUG: Resources for generic package resource enabled on node include: [Chef::Resource::YumPackage, Chef::Resource::Package]
[2015-09-22T10:19:51+03:00] DEBUG: Resource for package is Chef::Resource::YumPackage
[2015-09-22T10:19:51+03:00] DEBUG: Resources for generic service resource enabled on node include: [Chef::Resource::Service]
[2015-09-22T10:19:51+03:00] DEBUG: Resource for service is Chef::Resource::Service
[2015-09-22T10:19:51+03:00] DEBUG: Loading Recipe nginx::commons via include_recipe
[2015-09-22T10:19:51+03:00] DEBUG: Found recipe commons in cookbook nginx
[2015-09-22T10:19:51+03:00] DEBUG: Loading Recipe nginx::commons_dir via include_recipe
[2015-09-22T10:19:51+03:00] DEBUG: Found recipe commons_dir in cookbook nginx
[2015-09-22T10:19:51+03:00] DEBUG: Resources for generic directory resource enabled on node include: [Chef::Resource::Directory]
[2015-09-22T10:19:51+03:00] DEBUG: Resource for directory is Chef::Resource::Directory
[2015-09-22T10:19:51+03:00] DEBUG: Resources for generic directory resource enabled on node include: [Chef::Resource::Directory]
[2015-09-22T10:19:51+03:00] DEBUG: Resource for directory is Chef::Resource::Directory
[2015-09-22T10:19:51+03:00] DEBUG: Resources for generic directory resource enabled on node include: [Chef::Resource::Directory]
[2015-09-22T10:19:51+03:00] DEBUG: Resource for directory is Chef::Resource::Directory
[2015-09-22T10:19:51+03:00] DEBUG: Resources for generic directory resource enabled on node include: [Chef::Resource::Directory]
[2015-09-22T10:19:51+03:00] DEBUG: Resource for directory is Chef::Resource::Directory
[2015-09-22T10:19:51+03:00] DEBUG: Resources for generic directory resource enabled on node include: [Chef::Resource::Directory]
[2015-09-22T10:19:51+03:00] DEBUG: Resource for directory is Chef::Resource::Directory
[2015-09-22T10:19:51+03:00] DEBUG: Resources for generic directory resource enabled on node include: [Chef::Resource::Directory]
[2015-09-22T10:19:51+03:00] DEBUG: Resource for directory is Chef::Resource::Directory
[2015-09-22T10:19:51+03:00] DEBUG: Loading Recipe nginx::commons_script via include_recipe
[2015-09-22T10:19:51+03:00] DEBUG: Found recipe commons_script in cookbook nginx
[2015-09-22T10:19:51+03:00] DEBUG: Resources for generic template resource enabled on node include: [Chef::Resource::Template]
[2015-09-22T10:19:51+03:00] DEBUG: Resource for template is Chef::Resource::Template
[2015-09-22T10:19:51+03:00] DEBUG: Resources for generic template resource enabled on node include: [Chef::Resource::Template]
[2015-09-22T10:19:51+03:00] DEBUG: Resource for template is Chef::Resource::Template
[2015-09-22T10:19:51+03:00] DEBUG: Loading Recipe nginx::commons_conf via include_recipe
[2015-09-22T10:19:51+03:00] DEBUG: Found recipe commons_conf in cookbook nginx
[2015-09-22T10:19:51+03:00] DEBUG: Resources for generic template resource enabled on node include: [Chef::Resource::Template]
[2015-09-22T10:19:51+03:00] DEBUG: Resource for template is Chef::Resource::Template
[2015-09-22T10:19:51+03:00] DEBUG: Resources for generic template resource enabled on node include: [Chef::Resource::Template]
[2015-09-22T10:19:51+03:00] DEBUG: Resource for template is Chef::Resource::Template
[2015-09-22T10:19:51+03:00] DEBUG: Resources for generic execute resource enabled on node include: [Chef::Resource::Execute]
[2015-09-22T10:19:51+03:00] DEBUG: Resource for execute is Chef::Resource::Execute
[2015-09-22T10:19:51+03:00] DEBUG: Resources for generic service resource enabled on node include: [Chef::Resource::Service]
[2015-09-22T10:19:51+03:00] DEBUG: Resource for service is Chef::Resource::Service
[2015-09-22T10:19:51+03:00] DEBUG: ivars which did not match with the prior resource: [:@supports]
[2015-09-22T10:19:51+03:00] WARN: Cloning resource attributes for service[nginx] from prior resource (CHEF-3694)
[2015-09-22T10:19:51+03:00] WARN: Previous service[nginx]: /root/cookbooks/nginx/recipes/package.rb:47:in `from_file'
[2015-09-22T10:19:51+03:00] WARN: Current  service[nginx]: /root/cookbooks/nginx/recipes/default.rb:24:in `from_file'
[2015-09-22T10:19:51+03:00] DEBUG: Loading from cookbook_path: /root/cookbooks
[2015-09-22T10:19:51+03:00] DEBUG: Converging node EVBYMINSD6A18.minsk.epam.com
[2015-09-22T10:19:51+03:00] INFO: Processing ohai[reload_nginx] action nothing (nginx::ohai_plugin line 22)
[2015-09-22T10:19:51+03:00] DEBUG: Skipping ohai[reload_nginx] due to action :nothing
[2015-09-22T10:19:51+03:00] INFO: Processing template[/etc/chef/ohai_plugins/nginx.rb] action create (nginx::ohai_plugin line 27)
[2015-09-22T10:19:51+03:00] DEBUG: Providers for generic template resource enabled on node include: [Chef::Provider::Template]
[2015-09-22T10:19:51+03:00] DEBUG: Provider for action create on resource template[/etc/chef/ohai_plugins/nginx.rb] is Chef::Provider::Template
[2015-09-22T10:19:51+03:00] DEBUG: template[/etc/chef/ohai_plugins/nginx.rb] checksumming file at /etc/chef/ohai_plugins/nginx.rb.
[2015-09-22T10:19:52+03:00] DEBUG: calculating checksum of /tmp/chef-rendered-template20150922-21748-756l0c to compare with 9f7e82b8733a2767f60826efee82e9cbf103ee7337a7a543be9fd4f754421504
[2015-09-22T10:19:52+03:00] DEBUG: found target_mode == current_mode, not updating mode
[2015-09-22T10:19:52+03:00] DEBUG: found target_uid == current_uid, not updating owner
[2015-09-22T10:19:52+03:00] DEBUG: found target_gid == current_gid, not updating group
[2015-09-22T10:19:52+03:00] INFO: Processing remote_directory[/etc/chef/ohai_plugins for cookbook ohai] action nothing (ohai::default line 33)
[2015-09-22T10:19:52+03:00] DEBUG: Skipping remote_directory[/etc/chef/ohai_plugins for cookbook ohai] due to action :nothing
[2015-09-22T10:19:52+03:00] INFO: Processing ohai[custom_plugins] action nothing (ohai::default line 47)
[2015-09-22T10:19:52+03:00] DEBUG: Skipping ohai[custom_plugins] due to action :nothing
[2015-09-22T10:19:52+03:00] INFO: Processing yum_repository[epel] action create (yum-epel::default line 22)
[2015-09-22T10:19:52+03:00] DEBUG: Providers for generic yum_repository resource enabled on node include: [LWRP provider yum_repository from cookbook yum]
[2015-09-22T10:19:52+03:00] DEBUG: Provider for action create on resource yum_repository[epel] is LWRP provider yum_repository from cookbook yum
[2015-09-22T10:19:52+03:00] DEBUG: Resources for generic template resource enabled on node include: [Chef::Resource::Template]
[2015-09-22T10:19:52+03:00] DEBUG: Resource for template is Chef::Resource::Template
[2015-09-22T10:19:52+03:00] DEBUG: Resources for generic execute resource enabled on node include: [Chef::Resource::Execute]
[2015-09-22T10:19:52+03:00] DEBUG: Resource for execute is Chef::Resource::Execute
[2015-09-22T10:19:52+03:00] DEBUG: Resources for generic execute resource enabled on node include: [Chef::Resource::Execute]
[2015-09-22T10:19:52+03:00] DEBUG: Resource for execute is Chef::Resource::Execute
[2015-09-22T10:19:52+03:00] DEBUG: Resources for generic ruby_block resource enabled on node include: [Chef::Resource::RubyBlock]
[2015-09-22T10:19:52+03:00] DEBUG: Resource for ruby_block is Chef::Resource::RubyBlock
[2015-09-22T10:19:52+03:00] INFO: Processing template[/etc/yum.repos.d/epel.repo] action create (/root/cookbooks/yum/providers/repository.rb line 39)
[2015-09-22T10:19:52+03:00] DEBUG: Providers for generic template resource enabled on node include: [Chef::Provider::Template]
[2015-09-22T10:19:52+03:00] DEBUG: Provider for action create on resource template[/etc/yum.repos.d/epel.repo] is Chef::Provider::Template
[2015-09-22T10:19:52+03:00] DEBUG: template[/etc/yum.repos.d/epel.repo] checksumming file at /etc/yum.repos.d/epel.repo.
[2015-09-22T10:19:52+03:00] DEBUG: calculating checksum of /tmp/chef-rendered-template20150922-21748-1jj4eje to compare with 759e91df7e89beb9edbd7219a7a5f87e01b858c6cea7077ec31d507455c3ff2e
[2015-09-22T10:19:52+03:00] DEBUG: running: diff -u /etc/yum.repos.d/epel.repo /tmp/chef-rendered-template20150922-21748-1jj4eje
[2015-09-22T10:19:52+03:00] INFO: template[/etc/yum.repos.d/epel.repo] backed up to /var/chef/backup/etc/yum.repos.d/epel.repo.chef-20150922101952.028600
[2015-09-22T10:19:52+03:00] DEBUG: reading modes from /etc/yum.repos.d/epel.repo file
[2015-09-22T10:19:52+03:00] DEBUG: applying mode = 644, uid = 0, gid = 0 to /tmp/chef-rendered-template20150922-21748-1jj4eje
[2015-09-22T10:19:52+03:00] DEBUG: moving temporary file /tmp/chef-rendered-template20150922-21748-1jj4eje into place at /etc/yum.repos.d/epel.repo
[2015-09-22T10:19:52+03:00] INFO: template[/etc/yum.repos.d/epel.repo] updated file contents /etc/yum.repos.d/epel.repo
[2015-09-22T10:19:52+03:00] DEBUG: found target_mode == current_mode, not updating mode
[2015-09-22T10:19:52+03:00] DEBUG: found target_uid == nil, so no owner was specified on resource, not managing owner
[2015-09-22T10:19:52+03:00] DEBUG: found target_gid == nil, so no group was specified on resource, not managing group
[2015-09-22T10:19:52+03:00] DEBUG: selinux utilities can not be found. Skipping selinux permission fixup.
[2015-09-22T10:19:52+03:00] INFO: template[/etc/yum.repos.d/epel.repo] sending run action to execute[yum clean epel] (immediate)
[2015-09-22T10:19:52+03:00] INFO: Processing execute[yum clean epel] action run (/root/cookbooks/yum/providers/repository.rb line 55)
[2015-09-22T10:19:52+03:00] DEBUG: Providers for generic execute resource enabled on node include: [Chef::Provider::Execute]
[2015-09-22T10:19:52+03:00] DEBUG: Provider for action run on resource execute[yum clean epel] is Chef::Provider::Execute
[2015-09-22T10:19:52+03:00] INFO: execute[yum clean epel] ran successfully
[2015-09-22T10:19:52+03:00] INFO: template[/etc/yum.repos.d/epel.repo] sending run action to execute[yum-makecache-epel] (immediate)
[2015-09-22T10:19:52+03:00] INFO: Processing execute[yum-makecache-epel] action run (/root/cookbooks/yum/providers/repository.rb line 61)
[2015-09-22T10:19:52+03:00] DEBUG: Providers for generic execute resource enabled on node include: [Chef::Provider::Execute]
[2015-09-22T10:19:52+03:00] DEBUG: Provider for action run on resource execute[yum-makecache-epel] is Chef::Provider::Execute
[2015-09-22T10:20:16+03:00] INFO: execute[yum-makecache-epel] ran successfully
[2015-09-22T10:20:16+03:00] INFO: template[/etc/yum.repos.d/epel.repo] sending create action to ruby_block[yum-cache-reload-epel] (immediate)
[2015-09-22T10:20:16+03:00] INFO: Processing ruby_block[yum-cache-reload-epel] action create (/root/cookbooks/yum/providers/repository.rb line 68)
[2015-09-22T10:20:16+03:00] DEBUG: Providers for generic ruby_block resource enabled on node include: [Chef::Provider::RubyBlock]
[2015-09-22T10:20:16+03:00] DEBUG: Provider for action create on resource ruby_block[yum-cache-reload-epel] is Chef::Provider::RubyBlock
[2015-09-22T10:20:16+03:00] INFO: ruby_block[yum-cache-reload-epel] called
[2015-09-22T10:20:16+03:00] INFO: Processing execute[yum clean epel] action nothing (/root/cookbooks/yum/providers/repository.rb line 55)
[2015-09-22T10:20:16+03:00] DEBUG: Skipping execute[yum clean epel] due to action :nothing
[2015-09-22T10:20:16+03:00] INFO: Processing execute[yum-makecache-epel] action nothing (/root/cookbooks/yum/providers/repository.rb line 61)
[2015-09-22T10:20:16+03:00] DEBUG: Skipping execute[yum-makecache-epel] due to action :nothing
[2015-09-22T10:20:16+03:00] INFO: Processing ruby_block[yum-cache-reload-epel] action nothing (/root/cookbooks/yum/providers/repository.rb line 68)
[2015-09-22T10:20:16+03:00] DEBUG: Skipping ruby_block[yum-cache-reload-epel] due to action :nothing
[2015-09-22T10:20:16+03:00] INFO: Processing yum_package[nginx] action install (nginx::package line 41)
[2015-09-22T10:20:16+03:00] DEBUG: Skipping yum_package[nginx] due to not_if command `which nginx`
[2015-09-22T10:20:16+03:00] INFO: Processing service[nginx] action enable (nginx::package line 47)
[2015-09-22T10:20:16+03:00] DEBUG: Providers for generic service resource enabled on node include: [Chef::Provider::Service::Redhat, Chef::Provider::Service::Init]
[2015-09-22T10:20:16+03:00] DEBUG: Provider for action enable on resource service[nginx] is Chef::Provider::Service::Redhat
[2015-09-22T10:20:16+03:00] DEBUG: service[nginx] supports status, running
[2015-09-22T10:20:16+03:00] DEBUG: service[nginx] is running
[2015-09-22T10:20:16+03:00] DEBUG: service[nginx] already enabled - nothing to do
[2015-09-22T10:20:16+03:00] INFO: Processing directory[/etc/nginx] action create (nginx::commons_dir line 22)
[2015-09-22T10:20:16+03:00] DEBUG: Providers for generic directory resource enabled on node include: [Chef::Provider::Directory]
[2015-09-22T10:20:16+03:00] DEBUG: Provider for action create on resource directory[/etc/nginx] is Chef::Provider::Directory
[2015-09-22T10:20:16+03:00] DEBUG: found target_mode == current_mode, not updating mode
[2015-09-22T10:20:16+03:00] DEBUG: found target_uid == current_uid, not updating owner
[2015-09-22T10:20:16+03:00] DEBUG: found target_gid == current_gid, not updating group
[2015-09-22T10:20:16+03:00] INFO: Processing directory[/var/log/nginx] action create (nginx::commons_dir line 29)
[2015-09-22T10:20:16+03:00] DEBUG: Providers for generic directory resource enabled on node include: [Chef::Provider::Directory]
[2015-09-22T10:20:16+03:00] DEBUG: Provider for action create on resource directory[/var/log/nginx] is Chef::Provider::Directory
[2015-09-22T10:20:16+03:00] DEBUG: found target_mode == current_mode, not updating mode
[2015-09-22T10:20:16+03:00] DEBUG: found target_uid == current_uid, not updating owner
[2015-09-22T10:20:16+03:00] DEBUG: found target_gid == nil, so no group was specified on resource, not managing group
[2015-09-22T10:20:16+03:00] INFO: Processing directory[/var/run] action create (nginx::commons_dir line 36)
[2015-09-22T10:20:16+03:00] DEBUG: Providers for generic directory resource enabled on node include: [Chef::Provider::Directory]
[2015-09-22T10:20:16+03:00] DEBUG: Provider for action create on resource directory[/var/run] is Chef::Provider::Directory
[2015-09-22T10:20:16+03:00] DEBUG: found target_mode == current_mode, not updating mode
[2015-09-22T10:20:16+03:00] DEBUG: found target_uid == current_uid, not updating owner
[2015-09-22T10:20:16+03:00] DEBUG: found target_gid == current_gid, not updating group
[2015-09-22T10:20:16+03:00] INFO: Processing directory[/etc/nginx/sites-available] action create (nginx::commons_dir line 44)
[2015-09-22T10:20:16+03:00] DEBUG: Providers for generic directory resource enabled on node include: [Chef::Provider::Directory]
[2015-09-22T10:20:16+03:00] DEBUG: Provider for action create on resource directory[/etc/nginx/sites-available] is Chef::Provider::Directory
[2015-09-22T10:20:16+03:00] DEBUG: found target_mode == current_mode, not updating mode
[2015-09-22T10:20:16+03:00] DEBUG: found target_uid == current_uid, not updating owner
[2015-09-22T10:20:16+03:00] DEBUG: found target_gid == current_gid, not updating group
[2015-09-22T10:20:16+03:00] INFO: Processing directory[/etc/nginx/sites-enabled] action create (nginx::commons_dir line 44)
[2015-09-22T10:20:16+03:00] DEBUG: Providers for generic directory resource enabled on node include: [Chef::Provider::Directory]
[2015-09-22T10:20:16+03:00] DEBUG: Provider for action create on resource directory[/etc/nginx/sites-enabled] is Chef::Provider::Directory
[2015-09-22T10:20:16+03:00] DEBUG: found target_mode == current_mode, not updating mode
[2015-09-22T10:20:16+03:00] DEBUG: found target_uid == current_uid, not updating owner
[2015-09-22T10:20:16+03:00] DEBUG: found target_gid == current_gid, not updating group
[2015-09-22T10:20:16+03:00] INFO: Processing directory[/etc/nginx/conf.d] action create (nginx::commons_dir line 44)
[2015-09-22T10:20:16+03:00] DEBUG: Providers for generic directory resource enabled on node include: [Chef::Provider::Directory]
[2015-09-22T10:20:16+03:00] DEBUG: Provider for action create on resource directory[/etc/nginx/conf.d] is Chef::Provider::Directory
[2015-09-22T10:20:16+03:00] DEBUG: found target_mode == current_mode, not updating mode
[2015-09-22T10:20:16+03:00] DEBUG: found target_uid == current_uid, not updating owner
[2015-09-22T10:20:16+03:00] DEBUG: found target_gid == current_gid, not updating group
[2015-09-22T10:20:16+03:00] INFO: Processing template[/usr/sbin/nxensite] action create (nginx::commons_script line 23)
[2015-09-22T10:20:16+03:00] DEBUG: Providers for generic template resource enabled on node include: [Chef::Provider::Template]
[2015-09-22T10:20:16+03:00] DEBUG: Provider for action create on resource template[/usr/sbin/nxensite] is Chef::Provider::Template
[2015-09-22T10:20:16+03:00] DEBUG: template[/usr/sbin/nxensite] checksumming file at /usr/sbin/nxensite.
[2015-09-22T10:20:16+03:00] DEBUG: calculating checksum of /tmp/chef-rendered-template20150922-21748-14mcavv to compare with fa46fbecd281e6162559d076d2b2e02a54b348713b7dca7f3368cef9e7e6520c
[2015-09-22T10:20:16+03:00] DEBUG: found target_mode == current_mode, not updating mode
[2015-09-22T10:20:16+03:00] DEBUG: found target_uid == current_uid, not updating owner
[2015-09-22T10:20:16+03:00] DEBUG: found target_gid == current_gid, not updating group
[2015-09-22T10:20:16+03:00] INFO: Processing template[/usr/sbin/nxdissite] action create (nginx::commons_script line 23)
[2015-09-22T10:20:16+03:00] DEBUG: Providers for generic template resource enabled on node include: [Chef::Provider::Template]
[2015-09-22T10:20:16+03:00] DEBUG: Provider for action create on resource template[/usr/sbin/nxdissite] is Chef::Provider::Template
[2015-09-22T10:20:16+03:00] DEBUG: template[/usr/sbin/nxdissite] checksumming file at /usr/sbin/nxdissite.
[2015-09-22T10:20:16+03:00] DEBUG: calculating checksum of /tmp/chef-rendered-template20150922-21748-kjpakt to compare with cc16ecb85d1439b13b8e2e085090c9d4b5167f57542238cac20c2e9e8864e4d6
[2015-09-22T10:20:16+03:00] DEBUG: found target_mode == current_mode, not updating mode
[2015-09-22T10:20:16+03:00] DEBUG: found target_uid == current_uid, not updating owner
[2015-09-22T10:20:16+03:00] DEBUG: found target_gid == current_gid, not updating group
[2015-09-22T10:20:16+03:00] INFO: Processing template[nginx.conf] action create (nginx::commons_conf line 22)
[2015-09-22T10:20:16+03:00] DEBUG: Providers for generic template resource enabled on node include: [Chef::Provider::Template]
[2015-09-22T10:20:16+03:00] DEBUG: Provider for action create on resource template[nginx.conf] is Chef::Provider::Template
[2015-09-22T10:20:16+03:00] DEBUG: template[nginx.conf] checksumming file at /etc/nginx/nginx.conf.
[2015-09-22T10:20:16+03:00] DEBUG: calculating checksum of /tmp/chef-rendered-template20150922-21748-qz33qr to compare with a285ebc2598ff1ffaeeab68e5d677e55b519acb86c60c1eeed6f5eef573095bf
[2015-09-22T10:20:16+03:00] DEBUG: found target_mode == current_mode, not updating mode
[2015-09-22T10:20:16+03:00] DEBUG: found target_uid == current_uid, not updating owner
[2015-09-22T10:20:16+03:00] DEBUG: found target_gid == current_gid, not updating group
[2015-09-22T10:20:16+03:00] INFO: Processing template[/etc/nginx/sites-available/default] action create (nginx::commons_conf line 32)
[2015-09-22T10:20:16+03:00] DEBUG: Providers for generic template resource enabled on node include: [Chef::Provider::Template]
[2015-09-22T10:20:16+03:00] DEBUG: Provider for action create on resource template[/etc/nginx/sites-available/default] is Chef::Provider::Template
[2015-09-22T10:20:16+03:00] DEBUG: template[/etc/nginx/sites-available/default] checksumming file at /etc/nginx/sites-available/default.
[2015-09-22T10:20:16+03:00] DEBUG: calculating checksum of /tmp/chef-rendered-template20150922-21748-1ocrim2 to compare with 83d9e248dbe9e15775c2f897285e1f08d5cf49693d62bcaec204806f2a35ffef
[2015-09-22T10:20:16+03:00] DEBUG: found target_mode == current_mode, not updating mode
[2015-09-22T10:20:16+03:00] DEBUG: found target_uid == current_uid, not updating owner
[2015-09-22T10:20:16+03:00] DEBUG: found target_gid == current_gid, not updating group
[2015-09-22T10:20:16+03:00] INFO: Processing execute[nxensite default] action run (nginx::commons_conf line 32)
[2015-09-22T10:20:16+03:00] DEBUG: Skipping execute[nxensite default] due to not_if ruby block
[2015-09-22T10:20:16+03:00] INFO: Processing service[nginx] action start (nginx::default line 24)
[2015-09-22T10:20:16+03:00] DEBUG: Providers for generic service resource enabled on node include: [Chef::Provider::Service::Redhat, Chef::Provider::Service::Init]
[2015-09-22T10:20:16+03:00] DEBUG: Provider for action start on resource service[nginx] is Chef::Provider::Service::Redhat
[2015-09-22T10:20:16+03:00] DEBUG: service[nginx] supports status, running
[2015-09-22T10:20:17+03:00] DEBUG: service[nginx] is running
[2015-09-22T10:20:17+03:00] DEBUG: service[nginx] already running - nothing to do
[2015-09-22T10:20:17+03:00] INFO: Chef Run complete in 26.551536906 seconds
[2015-09-22T10:20:17+03:00] INFO: Skipping removal of unused files from the cache
[2015-09-22T10:20:17+03:00] INFO: Running report handlers
[2015-09-22T10:20:17+03:00] INFO: Report handlers complete
[2015-09-22T10:20:17+03:00] DEBUG: Forked instance successfully reaped (pid: 21748)
[2015-09-22T10:20:17+03:00] DEBUG: Exiting
