Generated at 2015-09-21 23:39:42 +0300
Chef::Exceptions::CookbookNotFound: Cookbook iptables not found. If you're loading iptables from another cookbook, make sure you configure the dependency in your metadata
/opt/chefdk/embedded/apps/chef/lib/chef/cookbook/cookbook_collection.rb:38:in `block in initialize'
/opt/chefdk/embedded/lib/ruby/gems/2.1.0/gems/ohai-8.5.1/lib/ohai/mash.rb:77:in `yield'
/opt/chefdk/embedded/lib/ruby/gems/2.1.0/gems/ohai-8.5.1/lib/ohai/mash.rb:77:in `default'
/opt/chefdk/embedded/lib/ruby/gems/2.1.0/gems/ohai-8.5.1/lib/ohai/mash.rb:77:in `default'
/opt/chefdk/embedded/apps/chef/lib/chef/run_context/cookbook_compiler.rb:277:in `[]'
/opt/chefdk/embedded/apps/chef/lib/chef/run_context/cookbook_compiler.rb:277:in `each_cookbook_dep'
/opt/chefdk/embedded/apps/chef/lib/chef/run_context/cookbook_compiler.rb:255:in `add_cookbook_with_deps'
/opt/chefdk/embedded/apps/chef/lib/chef/run_context/cookbook_compiler.rb:88:in `block in cookbook_order'
/opt/chefdk/embedded/apps/chef/lib/chef/run_context/cookbook_compiler.rb:86:in `each'
/opt/chefdk/embedded/apps/chef/lib/chef/run_context/cookbook_compiler.rb:86:in `cookbook_order'
/opt/chefdk/embedded/apps/chef/lib/chef/run_context/cookbook_compiler.rb:98:in `compile_libraries'
/opt/chefdk/embedded/apps/chef/lib/chef/run_context/cookbook_compiler.rb:71:in `compile'
/opt/chefdk/embedded/apps/chef/lib/chef/run_context.rb:97:in `load'
/opt/chefdk/embedded/apps/chef/lib/chef/policy_builder/expand_node_object.rb:87:in `setup_run_context'
/opt/chefdk/embedded/apps/chef/lib/chef/client.rb:486:in `setup_run_context'
/opt/chefdk/embedded/apps/chef/lib/chef/client.rb:266:in `run'
/opt/chefdk/embedded/apps/chef/lib/chef/application.rb:270:in `block in fork_chef_client'
/opt/chefdk/embedded/apps/chef/lib/chef/application.rb:258:in `fork'
/opt/chefdk/embedded/apps/chef/lib/chef/application.rb:258:in `fork_chef_client'
/opt/chefdk/embedded/apps/chef/lib/chef/application.rb:224:in `block in run_chef_client'
/opt/chefdk/embedded/apps/chef/lib/chef/local_mode.rb:39:in `with_server_connectivity'
/opt/chefdk/embedded/apps/chef/lib/chef/application.rb:212:in `run_chef_client'
/opt/chefdk/embedded/apps/chef/lib/chef/application/solo.rb:280:in `block in interval_run_chef_client'
/opt/chefdk/embedded/apps/chef/lib/chef/application/solo.rb:269:in `loop'
/opt/chefdk/embedded/apps/chef/lib/chef/application/solo.rb:269:in `interval_run_chef_client'
/opt/chefdk/embedded/apps/chef/lib/chef/application/solo.rb:247:in `run_application'
/opt/chefdk/embedded/apps/chef/lib/chef/application.rb:60:in `run'
/opt/chefdk/embedded/apps/chef/bin/chef-solo:25:in `<top (required)>'
/opt/chefdk/bin/chef-solo:55:in `load'
/opt/chefdk/bin/chef-solo:55:in `<main>'